2024-05-20 22:41:08,996 - INFO - Time: 2024-05-20 22:41:08.996595, OrderId: 1000503237726, Instruction: SELL_SHORT, Quantity: 50.0, Position: 0
2024-05-20 22:41:08,996 - INFO - Time: 2024-05-20 22:41:08.996770, OrderId: 1000503237803, Instruction: SELL_SHORT, Quantity: 30.0, Position: 0
2024-05-20 22:41:08,996 - INFO - Time: 2024-05-20 22:41:08.996852, OrderId: 1000503237807, Instruction: SELL_SHORT, Quantity: 10.0, Position: 0
2024-05-20 22:41:08,996 - INFO - Time: 2024-05-20 22:41:08.996925, OrderId: 1000503237906, Instruction: BUY_TO_COVER, Quantity: 100.0, Position: 0
2024-05-20 22:41:08,997 - INFO - Time: 2024-05-20 22:41:08.996995, OrderId: 1000503237946, Instruction: BUY_TO_COVER, Quantity: 190.0, Position: 0
2024-05-20 22:41:08,997 - INFO - Time: 2024-05-20 22:41:08.997065, OrderId: 1000512091889, Instruction: BUY, Quantity: 100.0, Position: 100.0
2024-05-20 22:41:08,997 - INFO - Time: 2024-05-20 22:41:08.997134, OrderId: 1000512091915, Instruction: BUY, Quantity: 100.0, Position: 200.0
2024-05-20 22:41:08,997 - INFO - Time: 2024-05-20 22:41:08.997201, OrderId: 1000512091933, Instruction: BUY, Quantity: 50.0, Position: 250.0
2024-05-20 22:41:08,997 - INFO - Time: 2024-05-20 22:41:08.997267, OrderId: 1000512091940, Instruction: BUY, Quantity: 30.0, Position: 280.0
2024-05-20 22:41:08,997 - INFO - Time: 2024-05-20 22:41:08.997334, OrderId: 1000512858014, Instruction: SELL, Quantity: 280.0, Position: 0.0
2024-05-20 22:41:08,997 - INFO - Order to FLATTEN: Time: 2024-05-20 22:41:08.997378, OrderId: 1000512858014, Instruction: SELL, Quantity: 280.0, Position: 0.0
2024-05-20 22:41:08,997 - INFO - Time: 2024-05-20 22:41:08.997444, OrderId: 1000512858016, Instruction: SELL_SHORT, Quantity: 100.0, Position: 0.0
2024-05-20 22:41:08,997 - INFO - Time: 2024-05-20 22:41:08.997508, OrderId: 1000512858021, Instruction: SELL_SHORT, Quantity: 100.0, Position: 0.0
2024-05-20 22:41:08,997 - INFO - Time: 2024-05-20 22:41:08.997572, OrderId: 1000512858069, Instruction: SELL_SHORT, Quantity: 50.0, Position: 0.0
2024-05-20 22:41:08,997 - INFO - Time: 2024-05-20 22:41:08.997637, OrderId: 1000512858082, Instruction: SELL_SHORT, Quantity: 30.0, Position: 0.0
2024-05-20 22:41:08,997 - INFO - Time: 2024-05-20 22:41:08.997701, OrderId: 1000512858111, Instruction: SELL_SHORT, Quantity: 10.0, Position: 0.0
2024-05-20 22:41:08,997 - INFO - Time: 2024-05-20 22:41:08.997766, OrderId: 1000512858173, Instruction: BUY_TO_COVER, Quantity: 100.0, Position: 0.0
2024-05-20 22:41:08,997 - INFO - Time: 2024-05-20 22:41:08.997831, OrderId: 1000512858177, Instruction: BUY_TO_COVER, Quantity: 100.0, Position: 0.0
2024-05-20 22:41:08,997 - INFO - Time: 2024-05-20 22:41:08.997894, OrderId: 1000512858198, Instruction: BUY_TO_COVER, Quantity: 90.0, Position: 0.0
2024-05-20 22:41:08,997 - INFO - Time: 2024-05-20 22:41:08.997960, OrderId: 1000512858833, Instruction: BUY, Quantity: 100.0, Position: 100.0
2024-05-20 22:41:08,998 - INFO - Time: 2024-05-20 22:41:08.998025, OrderId: 1000512858840, Instruction: BUY, Quantity: 100.0, Position: 200.0
2024-05-20 22:41:08,998 - INFO - Time: 2024-05-20 22:41:08.998091, OrderId: 1000512858851, Instruction: BUY, Quantity: 50.0, Position: 250.0
2024-05-20 22:41:08,998 - INFO - Time: 2024-05-20 22:41:08.998156, OrderId: 1000512858888, Instruction: SELL, Quantity: 250.0, Position: 0.0
2024-05-20 22:41:08,998 - INFO - Order to FLATTEN: Time: 2024-05-20 22:41:08.998200, OrderId: 1000512858888, Instruction: SELL, Quantity: 250.0, Position: 0.0
2024-05-20 22:41:08,998 - INFO - Time: 2024-05-20 22:41:08.998265, OrderId: 1000512858897, Instruction: BUY, Quantity: 100.0, Position: 100.0
2024-05-20 22:41:08,998 - INFO - Time: 2024-05-20 22:41:08.998331, OrderId: 1000512858900, Instruction: BUY, Quantity: 100.0, Position: 200.0
2024-05-20 22:41:08,998 - INFO - Time: 2024-05-20 22:41:08.998397, OrderId: 1000512858904, Instruction: BUY, Quantity: 50.0, Position: 250.0
2024-05-20 22:41:08,998 - INFO - Time: 2024-05-20 22:41:08.998462, OrderId: 1000512858917, Instruction: BUY, Quantity: 30.0, Position: 280.0
2024-05-20 22:41:08,998 - INFO - Time: 2024-05-20 22:41:08.998528, OrderId: 1000512858932, Instruction: SELL, Quantity: 280.0, Position: 0.0
2024-05-20 22:41:08,998 - INFO - Order to FLATTEN: Time: 2024-05-20 22:41:08.998582, OrderId: 1000512858932, Instruction: SELL, Quantity: 280.0, Position: 0.0
2024-05-20 22:41:08,998 - INFO - Time: 2024-05-20 22:41:08.998645, OrderId: 1000512858934, Instruction: SELL_SHORT, Quantity: 100.0, Position: 0.0
2024-05-20 22:41:08,998 - INFO - Time: 2024-05-20 22:41:08.998706, OrderId: 1000512858937, Instruction: SELL_SHORT, Quantity: 100.0, Position: 0.0
2024-05-20 22:41:08,998 - INFO - Time: 2024-05-20 22:41:08.998768, OrderId: 1000512858946, Instruction: SELL_SHORT, Quantity: 30.0, Position: 0.0
2024-05-20 22:41:08,998 - INFO - Time: 2024-05-20 22:41:08.998829, OrderId: 1000512858952, Instruction: SELL_SHORT, Quantity: 30.0, Position: 0.0
2024-05-20 22:41:08,998 - INFO - Time: 2024-05-20 22:41:08.998890, OrderId: 1000512858956, Instruction: SELL_SHORT, Quantity: 30.0, Position: 0.0
2024-05-20 22:41:08,998 - INFO - Time: 2024-05-20 22:41:08.998951, OrderId: 1000512859034, Instruction: BUY_TO_COVER, Quantity: 100.0, Position: 0.0
2024-05-20 22:41:08,999 - INFO - Time: 2024-05-20 22:41:08.999012, OrderId: 1000512859039, Instruction: BUY_TO_COVER, Quantity: 100.0, Position: 0.0
2024-05-20 22:41:08,999 - INFO - Time: 2024-05-20 22:41:08.999073, OrderId: 1000512859052, Instruction: BUY_TO_COVER, Quantity: 90.0, Position: 0.0
2024-05-20 22:41:08,999 - INFO - Time: 2024-05-20 22:41:08.999136, OrderId: 1000512859059, Instruction: BUY, Quantity: 100.0, Position: 100.0
2024-05-20 22:41:08,999 - INFO - Time: 2024-05-20 22:41:08.999198, OrderId: 1000512859072, Instruction: BUY, Quantity: 100.0, Position: 200.0
2024-05-20 22:41:08,999 - INFO - Time: 2024-05-20 22:41:08.999261, OrderId: 1000512859083, Instruction: BUY, Quantity: 50.0, Position: 250.0
2024-05-20 22:41:08,999 - INFO - Time: 2024-05-20 22:41:08.999324, OrderId: 1000512859175, Instruction: SELL, Quantity: 100.0, Position: 150.0
2024-05-20 22:41:08,999 - INFO - Time: 2024-05-20 22:41:08.999386, OrderId: 1000512859183, Instruction: SELL, Quantity: 99.0, Position: 51.0
2024-05-20 22:41:08,999 - INFO - Time: 2024-05-20 22:41:08.999429, OrderId: 1000512859183, Instruction: SELL, Quantity: 1.0, Position: 50.0
2024-05-20 22:41:08,999 - INFO - Time: 2024-05-20 22:41:08.999490, OrderId: 1000512859188, Instruction: SELL, Quantity: 50.0, Position: 0.0
2024-05-20 22:41:08,999 - INFO - Order to FLATTEN: Time: 2024-05-20 22:41:08.999531, OrderId: 1000512859188, Instruction: SELL, Quantity: 50.0, Position: 0.0
2024-05-20 22:41:08,999 - INFO - Time: 2024-05-20 22:41:08.999591, OrderId: 1000512859211, Instruction: SELL_SHORT, Quantity: 100.0, Position: 0.0
2024-05-20 22:41:08,999 - INFO - Time: 2024-05-20 22:41:08.999652, OrderId: 1000512859215, Instruction: BUY_TO_COVER, Quantity: 150.0, Position: 0.0
2024-05-20 22:41:08,999 - INFO - Time: 2024-05-20 22:41:08.999714, OrderId: 1000512859217, Instruction: BUY, Quantity: 100.0, Position: 100.0
2024-05-20 22:41:08,999 - INFO - Time: 2024-05-20 22:41:08.999778, OrderId: 1000512859219, Instruction: BUY, Quantity: 100.0, Position: 200.0
2024-05-20 22:41:08,999 - INFO - Time: 2024-05-20 22:41:08.999840, OrderId: 1000512859227, Instruction: BUY, Quantity: 50.0, Position: 250.0
2024-05-20 22:41:08,999 - INFO - Time: 2024-05-20 22:41:08.999902, OrderId: 1000512859237, Instruction: BUY, Quantity: 30.0, Position: 280.0
2024-05-20 22:41:08,999 - INFO - Time: 2024-05-20 22:41:08.999965, OrderId: 1000512859326, Instruction: BUY, Quantity: 10.0, Position: 290.0
2024-05-20 22:41:09,000 - INFO - Time: 2024-05-20 22:41:09.000027, OrderId: 1000512859338, Instruction: SELL, Quantity: 290.0, Position: 0.0
2024-05-20 22:41:09,000 - INFO - Order to FLATTEN: Time: 2024-05-20 22:41:09.000068, OrderId: 1000512859338, Instruction: SELL, Quantity: 290.0, Position: 0.0
2024-05-20 22:41:09,000 - INFO - Time: 2024-05-20 22:41:09.000128, OrderId: 1000512859340, Instruction: SELL_SHORT, Quantity: 100.0, Position: 0.0
2024-05-20 22:41:09,000 - INFO - Time: 2024-05-20 22:41:09.000190, OrderId: 1000512859347, Instruction: SELL_SHORT, Quantity: 100.0, Position: 0.0
2024-05-20 22:41:09,000 - INFO - Time: 2024-05-20 22:41:09.000261, OrderId: 1000512859391, Instruction: SELL_SHORT, Quantity: 50.0, Position: 0.0
2024-05-20 22:41:09,000 - INFO - Time: 2024-05-20 22:41:09.000324, OrderId: 1000512859395, Instruction: SELL_SHORT, Quantity: 30.0, Position: 0.0
2024-05-20 22:41:09,000 - INFO - Time: 2024-05-20 22:41:09.000386, OrderId: 1000512859433, Instruction: BUY_TO_COVER, Quantity: 100.0, Position: 0.0
2024-05-20 22:41:09,000 - INFO - Time: 2024-05-20 22:41:09.000448, OrderId: 1000512859435, Instruction: BUY_TO_COVER, Quantity: 100.0, Position: 0.0
2024-05-20 22:41:09,000 - INFO - Time: 2024-05-20 22:41:09.000509, OrderId: 1000512859437, Instruction: BUY_TO_COVER, Quantity: 80.0, Position: 0.0
2024-05-20 22:41:09,000 - INFO - Time: 2024-05-20 22:41:09.000571, OrderId: 1000512859443, Instruction: BUY, Quantity: 100.0, Position: 100.0
2024-05-20 22:41:09,000 - INFO - Time: 2024-05-20 22:41:09.000633, OrderId: 1000512859450, Instruction: SELL, Quantity: 100.0, Position: 0.0
2024-05-20 22:41:09,000 - INFO - Time: 2024-05-20 22:41:09.000694, OrderId: 1000512859452, Instruction: SELL_SHORT, Quantity: 100.0, Position: 0.0
2024-05-20 22:41:09,000 - INFO - Time: 2024-05-20 22:41:09.000755, OrderId: 1000512859456, Instruction: SELL_SHORT, Quantity: 100.0, Position: 0.0
2024-05-20 22:41:09,000 - INFO - Time: 2024-05-20 22:41:09.000816, OrderId: 1000512859494, Instruction: SELL_SHORT, Quantity: 50.0, Position: 0.0
2024-05-20 22:41:09,000 - INFO - Time: 2024-05-20 22:41:09.000878, OrderId: 1000512859500, Instruction: BUY_TO_COVER, Quantity: 250.0, Position: 0.0
2024-05-20 22:41:09,000 - INFO - Time: 2024-05-20 22:41:09.000940, OrderId: 1000512859504, Instruction: BUY, Quantity: 100.0, Position: 100.0
2024-05-20 22:41:09,001 - INFO - Time: 2024-05-20 22:41:09.001003, OrderId: 1000512859506, Instruction: BUY, Quantity: 100.0, Position: 200.0
2024-05-20 22:41:09,001 - INFO - Time: 2024-05-20 22:41:09.001065, OrderId: 1000512859524, Instruction: SELL, Quantity: 200.0, Position: 0.0
2024-05-20 22:41:09,001 - INFO - Order to FLATTEN: Time: 2024-05-20 22:41:09.001106, OrderId: 1000512859524, Instruction: SELL, Quantity: 200.0, Position: 0.0
2024-05-20 22:41:09,001 - INFO - Time: 2024-05-20 22:41:09.001166, OrderId: 1000512859528, Instruction: SELL_SHORT, Quantity: 100.0, Position: 0.0
2024-05-20 22:41:09,001 - INFO - Time: 2024-05-20 22:41:09.001227, OrderId: 1000512859530, Instruction: SELL_SHORT, Quantity: 100.0, Position: 0.0
2024-05-20 22:41:09,001 - INFO - Time: 2024-05-20 22:41:09.001288, OrderId: 1000512859561, Instruction: BUY_TO_COVER, Quantity: 200.0, Position: 0.0
2024-05-20 22:41:09,001 - INFO - Time: 2024-05-20 22:41:09.001351, OrderId: 1000512859567, Instruction: BUY, Quantity: 50.0, Position: 50.0
2024-05-20 22:41:09,001 - INFO - Time: 2024-05-20 22:41:09.001413, OrderId: 1000512859571, Instruction: SELL, Quantity: 50.0, Position: 0.0
2024-05-20 22:41:09,001 - INFO - Time: 2024-05-20 22:41:09.001475, OrderId: 1000512859577, Instruction: SELL_SHORT, Quantity: 50.0, Position: 0.0
2024-05-20 22:41:09,001 - INFO - Time: 2024-05-20 22:41:09.001536, OrderId: 1000512859581, Instruction: SELL_SHORT, Quantity: 50.0, Position: 0.0
2024-05-20 22:41:09,001 - INFO - Time: 2024-05-20 22:41:09.001597, OrderId: 1000512859589, Instruction: SELL_SHORT, Quantity: 50.0, Position: 0.0
2024-05-20 22:41:09,001 - INFO - Time: 2024-05-20 22:41:09.001659, OrderId: 1000512859591, Instruction: SELL_SHORT, Quantity: 50.0, Position: 0.0
2024-05-20 22:41:09,001 - INFO - Time: 2024-05-20 22:41:09.001720, OrderId: 1000512859598, Instruction: SELL_SHORT, Quantity: 50.0, Position: 0.0
2024-05-20 22:41:09,001 - INFO - Time: 2024-05-20 22:41:09.001781, OrderId: 1000512859619, Instruction: BUY_TO_COVER, Quantity: 250.0, Position: 0.0
2024-05-20 22:41:09,001 - INFO - Time: 2024-05-20 22:41:09.001843, OrderId: 1000513508943, Instruction: BUY, Quantity: 50.0, Position: 50.0
2024-05-20 22:41:09,001 - INFO - Time: 2024-05-20 22:41:09.001905, OrderId: 1000513508946, Instruction: SELL, Quantity: 50.0, Position: 0.0
2024-05-20 22:41:09,001 - INFO - Time: 2024-05-20 22:41:09.001976, OrderId: 1000513508948, Instruction: SELL_SHORT, Quantity: 50.0, Position: 0.0
2024-05-20 22:41:09,002 - INFO - Time: 2024-05-20 22:41:09.002043, OrderId: 1000513508950, Instruction: SELL_SHORT, Quantity: 50.0, Position: 0.0
2024-05-20 22:41:09,002 - INFO - Time: 2024-05-20 22:41:09.002104, OrderId: 1000513508952, Instruction: SELL_SHORT, Quantity: 50.0, Position: 0.0
2024-05-20 22:41:09,002 - INFO - Time: 2024-05-20 22:41:09.002166, OrderId: 1000513508954, Instruction: SELL_SHORT, Quantity: 50.0, Position: 0.0
2024-05-20 22:41:09,002 - INFO - Time: 2024-05-20 22:41:09.002227, OrderId: 1000513508956, Instruction: SELL_SHORT, Quantity: 50.0, Position: 0.0
2024-05-20 22:41:09,002 - INFO - Time: 2024-05-20 22:41:09.002289, OrderId: 1000513508961, Instruction: SELL_SHORT, Quantity: 30.0, Position: 0.0
2024-05-20 22:41:09,002 - INFO - Time: 2024-05-20 22:41:09.002350, OrderId: 1000513509018, Instruction: BUY_TO_COVER, Quantity: 100.0, Position: 0.0
2024-05-20 22:41:09,002 - INFO - Time: 2024-05-20 22:41:09.002411, OrderId: 1000513509030, Instruction: BUY_TO_COVER, Quantity: 100.0, Position: 0.0
2024-05-20 22:41:09,002 - INFO - Time: 2024-05-20 22:41:09.002473, OrderId: 1000513509033, Instruction: BUY_TO_COVER, Quantity: 80.0, Position: 0.0
2024-05-20 22:41:09,002 - INFO - Time: 2024-05-20 22:41:09.002535, OrderId: 1000513509036, Instruction: BUY, Quantity: 60.0, Position: 60.0
2024-05-20 22:41:09,002 - INFO - Time: 2024-05-20 22:41:09.002577, OrderId: 1000513509036, Instruction: BUY, Quantity: 40.0, Position: 100.0
2024-05-20 22:41:09,002 - INFO - Time: 2024-05-20 22:41:09.002638, OrderId: 1000513509049, Instruction: BUY, Quantity: 100.0, Position: 200.0
2024-05-20 22:41:09,002 - INFO - Time: 2024-05-20 22:41:09.002700, OrderId: 1000513509053, Instruction: SELL, Quantity: 100.0, Position: 100.0
2024-05-20 22:41:09,002 - INFO - Time: 2024-05-20 22:41:09.002763, OrderId: 1000513509057, Instruction: SELL, Quantity: 100.0, Position: 0.0
2024-05-20 22:41:09,002 - INFO - Time: 2024-05-20 22:41:09.002825, OrderId: 1000513509062, Instruction: SELL, Quantity: 20.0, Position: -20.0
2024-05-20 22:41:09,002 - INFO - Order to FLATTEN: Time: 2024-05-20 22:41:09.002866, OrderId: 1000513509062, Instruction: SELL, Quantity: 20.0, Position: -20.0
