2024-05-13 01:45:38,355 - INFO - Initial Log
2024-05-13 01:45:38,616 - INFO - Account information: [{'accountNumber': '82167359', 'hashValue': '2D477A255011417A1EAECA5D250CBDE65911115B9CCF3011EF9D0B31536EA6F8'}]
2024-05-13 01:45:38,616 - INFO - Client Account Number hash value: 2D477A255011417A1EAECA5D250CBDE65911115B9CCF3011EF9D0B31536EA6F8
2024-05-13 01:45:38,617 - INFO - remaining_time: 755.382615
2024-05-13 01:45:48,617 - INFO - remaining_time: 745.382109
2024-05-13 01:57:27,651 - INFO - Initial Log
2024-05-13 01:57:27,983 - INFO - Account information: [{'accountNumber': '82167359', 'hashValue': '2D477A255011417A1EAECA5D250CBDE65911115B9CCF3011EF9D0B31536EA6F8'}]
2024-05-13 01:57:27,983 - INFO - Client Account Number hash value: 2D477A255011417A1EAECA5D250CBDE65911115B9CCF3011EF9D0B31536EA6F8
2024-05-13 01:57:27,983 - INFO - remaining_time: 46.016302
2024-05-13 01:57:37,984 - INFO - remaining_time: 36.016033
2024-05-13 01:57:48,244 - INFO - Initial Log
2024-05-13 01:57:48,472 - INFO - Account information: [{'accountNumber': '82167359', 'hashValue': '2D477A255011417A1EAECA5D250CBDE65911115B9CCF3011EF9D0B31536EA6F8'}]
2024-05-13 01:57:48,473 - INFO - Client Account Number hash value: 2D477A255011417A1EAECA5D250CBDE65911115B9CCF3011EF9D0B31536EA6F8
2024-05-13 01:57:48,473 - INFO - remaining_time: 25.526505
2024-05-13 01:57:58,473 - INFO - remaining_time: 15.526086
2024-05-13 02:01:55,350 - INFO - Initial Log
2024-05-13 02:01:56,231 - INFO - Account information: [{'accountNumber': '82167359', 'hashValue': '2D477A255011417A1EAECA5D250CBDE65911115B9CCF3011EF9D0B31536EA6F8'}]
2024-05-13 02:01:56,231 - INFO - Client Account Number hash value: 2D477A255011417A1EAECA5D250CBDE65911115B9CCF3011EF9D0B31536EA6F8
2024-05-13 02:01:56,232 - INFO - remaining_time: 1799.767802
2024-05-13 02:02:06,232 - INFO - remaining_time: 1789.767451
2024-05-13 02:33:10,670 - INFO - Initial Log
2024-05-13 02:33:11,748 - INFO - Account information: [{'accountNumber': '82167359', 'hashValue': '2D477A255011417A1EAECA5D250CBDE65911115B9CCF3011EF9D0B31536EA6F8'}]
2024-05-13 02:33:11,748 - INFO - Client Account Number hash value: 2D477A255011417A1EAECA5D250CBDE65911115B9CCF3011EF9D0B31536EA6F8
2024-05-13 02:33:11,748 - INFO - remaining_time: 1799.251037
2024-05-13 02:33:21,749 - INFO - remaining_time: 1789.25067
2024-05-13 02:48:24,767 - INFO - Initial Log
2024-05-13 02:48:25,634 - INFO - while True
2024-05-13 02:49:14,200 - INFO - Initial Log
2024-05-13 02:49:15,108 - INFO - while True
